cmd : WARNING: A restricted method in 
java.lang.System has been called
At line:1 char:1
+ cmd /c .\gradlew :app:compileDebugKotlin 
--console=plain > compile.lo ...
+ ~~~~~~~~~~~~~~~~~~~~~~~~~~~~~~~~~~~~~~~~~~~~~~~~~~~
~~~~~~~~~~~~~~~~~~
    + CategoryInfo          : NotSpecified: 
(WARNING:     A rest...has been called:String) [], 
RemoteExcepti    on
    + FullyQualifiedErrorId : NativeCommandError
 
WARNING: java.lang.System::load has been called by ne
t.rubygrapefruit.platform.internal.NativeLibraryLoade
r in an unnamed module (file:/C:/Users/hp/.gradle/wra
pper/dists/gradle-8.7-bin/bhs2wmbdwecv87pi65oeuq5iu/g
radle-8.7/lib/native-platform-0.22-milestone-25.jar)
WARNING: Use --enable-native-access=ALL-UNNAMED to 
avoid a warning for callers in this module
WARNING: Restricted methods will be blocked in a 
future release unless native access is enabled

> Task :app:checkKotlinGradlePluginConfigurationErrors
> Task :app:preBuild UP-TO-DATE
> Task :app:preDebugBuild UP-TO-DATE
> Task :app:checkDebugAarMetadata UP-TO-DATE
> Task :app:generateDebugResValues UP-TO-DATE
> Task :app:mapDebugSourceSetPaths UP-TO-DATE
> Task :app:generateDebugResources UP-TO-DATE
> Task :app:mergeDebugResources UP-TO-DATE
> Task :app:packageDebugResources UP-TO-DATE
> Task :app:parseDebugLocalResources UP-TO-DATE
> Task :app:createDebugCompatibleScreenManifests UP-TO-DATE
> Task :app:extractDeepLinksDebug UP-TO-DATE
> Task :app:processDebugMainManifest UP-TO-DATE
> Task :app:processDebugManifest UP-TO-DATE
> Task :app:processDebugManifestForPackage UP-TO-DATE
> Task :app:processDebugResources UP-TO-DATE
> Task :app:kaptGenerateStubsDebugKotlin UP-TO-DATE
> Task :app:kaptDebugKotlin UP-TO-DATE

> Task :app:compileDebugKotlin FAILED
e: file:///E:/Booking%20Management%20App/Android/app/
src/main/java/com/bms/app/ui/components/Charts.kt:23:
29 Unresolved reference: ErrorColor
e: file:///E:/Booking%20Management%20App/Android/app/
src/main/java/com/bms/app/ui/components/Charts.kt:43:
29 Unresolved reference: ErrorColor
e: file:///E:/Booking%20Management%20App/Android/app/
src/main/java/com/bms/app/ui/dashboard/AdminDashboard
Screen.kt:248:104 Unresolved reference: ErrorColor
e: file:///E:/Booking%20Management%20App/Android/app/
src/main/java/com/bms/app/ui/dashboard/AdminViewModel
.kt:86:89 Only safe (?.) or non-null asserted (!!.) 
calls are allowed on a nullable receiver of type 
String?

FAILURE: Build failed with an exception.

* What went wrong:
Execution failed for task ':app:compileDebugKotlin'.
> A failure occurred while executing org.jetbrains.ko
tlin.compilerRunner.GradleCompilerRunnerWithWorkers$G
radleKotlinCompilerWorkAction
   > Compilation error. See log for more details

* Try:
> Run with --stacktrace option to get the stack 
trace.
> Run with --info or --debug option to get more log 
output.
> Run with --scan to get full insights.
> Get more help at https://help.gradle.org.

BUILD FAILED in 20s
16 actionable tasks: 2 executed, 14 up-to-date
